<?xml version="1.0" encoding="UTF-8"?>
<testsuite xmlns:xsi="http://www.w3.org/2001/XMLSchema-instance" xsi:noNamespaceSchemaLocation="https://maven.apache.org/surefire/maven-surefire-plugin/xsd/surefire-test-report.xsd" version="3.0.2" name="com.pedro.ledger.domain.category.CategoryTest" time="0.024" tests="9" errors="0" skipped="0" failures="0" flakes="0">
  <properties>
[...]
</properties>
  <testcase name="shouldRejectNullName" classname="com.pedro.ledger.domain.category.CategoryTest" time="0.001"/>
  <testcase name="shouldRejectNullNameWhenRenaming" classname="com.pedro.ledger.domain.category.CategoryTest" time="0.002"/>
  <testcase name="shouldRenameCategory" classname="com.pedro.ledger.domain.category.CategoryTest" time="0.001"/>
  <testcase name="shouldRejectBlankName" classname="com.pedro.ledger.domain.category.CategoryTest" time="0.002"/>
  <testcase name="shouldRejectBlankNameWhenRenaming" classname="com.pedro.ledger.domain.category.CategoryTest" time="0.002"/>
  <testcase name="shouldCreateCategory" classname="com.pedro.ledger.domain.category.CategoryTest" time="0.001"/>
  <testcase name="shouldTrimNameWhenRenaming" classname="com.pedro.ledger.domain.category.CategoryTest" time="0.002"/>
  <testcase name="shouldTrimName" classname="com.pedro.ledger.domain.category.CategoryTest" time="0.001"/>
  <testcase name="shouldGenerateDifferentIdsForDifferentCategories" classname="com.pedro.ledger.domain.category.CategoryTest" time="0.002"/>
</testsuite>