<?xml version="1.0" encoding="UTF-8"?>
<testsuite xmlns:xsi="http://www.w3.org/2001/XMLSchema-instance" xsi:noNamespaceSchemaLocation="https://maven.apache.org/surefire/maven-surefire-plugin/xsd/surefire-test-report.xsd" version="3.0.2" name="com.pedro.ledger.LedgerApplicationTests" time="2.959" tests="1" errors="0" skipped="0" failures="0" flakes="0">
  <properties>
[...]
</properties>
  <testcase name="contextLoads" classname="com.pedro.ledger.LedgerApplicationTests" time="1.066">
    <system-out><![CDATA[17:14:05.207 [main] INFO org.springframework.test.context.support.AnnotationConfigContextLoaderUtils -- Could not detect default configuration classes for test class [com.pedro.ledger.LedgerApplicationTests]: LedgerApplicationTests does not declare any static, non-private, non-final, nested classes annotated with @Configuration.
17:14:05.426 [main] INFO org.springframework.boot.test.context.SpringBootTestContextBootstrapper -- Found @SpringBootConfiguration com.pedro.ledger.LedgerApplication for test class com.pedro.ledger.LedgerApplicationTests
17:14:05.544 [main] INFO org.springframework.test.context.support.AnnotationConfigContextLoaderUtils -- Could not detect default configuration classes for test class [com.pedro.ledger.LedgerApplicationTests]: LedgerApplicationTests does not declare any static, non-private, non-final, nested classes annotated with @Configuration.
17:14:05.547 [main] INFO org.springframework.boot.test.context.SpringBootTestContextBootstrapper -- Found @SpringBootConfiguration com.pedro.ledger.LedgerApplication for test class com.pedro.ledger.LedgerApplicationTests

  .   ____          _            __ _ _
 /\\ / ___'_ __ _ _(_)_ __  __ _ \ \ \ \
( ( )\___ | '_ | '_| | '_ \/ _` | \ \ \ \
 \\/  ___)| |_)| | | | | || (_| |  ) ) ) )
  '  |____| .__|_| |_|_| |_\__, | / / / /
 =========|_|==============|___/=/_/_/_/

 :: Spring Boot ::                (v4.1.0)

2026-08-19T17:14:06.139-03:00  INFO 7609 --- [           main] c.pedro.ledger.LedgerApplicationTests    : Starting LedgerApplicationTests using Java 21.0.11 with PID 7609 (started by pedro in /home/pedro/projeto/java/ledger)
2026-08-19T17:14:06.143-03:00  INFO 7609 --- [           main] c.pedro.ledger.LedgerApplicationTests    : No active profile set, falling back to 1 default profile: "default"
2026-08-19T17:14:06.756-03:00  INFO 7609 --- [           main] c.pedro.ledger.LedgerApplicationTests    : Started LedgerApplicationTests in 1.111 seconds (process running for 2.808)
]]></system-out>
    <system-err><![CDATA[Mockito is currently self-attaching to enable the inline-mock-maker. This will no longer work in future releases of the JDK. Please add Mockito as an agent to your build as described in Mockito's documentation: https://javadoc.io/doc/org.mockito/mockito-core/latest/org.mockito/org/mockito/Mockito.html#0.3
WARNING: A Java agent has been loaded dynamically (/home/pedro/.m2/repository/net/bytebuddy/byte-buddy-agent/1.18.10/byte-buddy-agent-1.18.10.jar)
WARNING: If a serviceability tool is in use, please run with -XX:+EnableDynamicAgentLoading to hide this warning
WARNING: If a serviceability tool is not in use, please run with -Djdk.instrument.traceUsage for more information
WARNING: Dynamic loading of agents will be disallowed by default in a future release
]]></system-err>
  </testcase>
</testsuite>